============================= test session starts ==============================
platform darwin -- Python 3.12.9, pytest-9.0.3, pluggy-1.6.0
rootdir: /Users/vincento/work/develop/hify
configfile: pyproject.toml
testpaths: tests
plugins: asyncio-1.4.0, anyio-4.13.0
asyncio: mode=Mode.STRICT, debug=False, asyncio_default_fixture_loop_scope=None, asyncio_default_test_loop_scope=function
collected 331 items

tests/acceptance/test_openrouter_llm_acceptance.py s                     [  0%]
tests/acceptance/test_openrouter_product_chat_paths.py s                 [  0%]
tests/contract/test_error_envelope.py ..                                 [  1%]
tests/contract/test_runtime_lab_api.py .                                 [  1%]
tests/e2e/test_runtime_lab_api_e2e.py .                                  [  1%]
tests/integration/agent/test_agent_access_sharing_analytics.py .         [  2%]
tests/integration/agent/test_agent_binding_options.py .                  [  2%]
tests/integration/agent/test_agent_bindings.py .                         [  2%]
tests/integration/agent/test_agent_crud.py .                             [  3%]
tests/integration/agent/test_agent_evaluation_gate.py .                  [  3%]
tests/integration/agent/test_agent_memory_variables.py ..                [  3%]
tests/integration/agent/test_agent_model_validation.py ..                [  4%]
tests/integration/agent/test_agent_preview_run_debug.py .                [  4%]
tests/integration/agent/test_agent_prompt_optimization.py .              [  5%]
tests/integration/agent/test_agent_publish_channels.py .                 [  5%]
tests/integration/agent/test_agent_tool_binding.py ..                    [  6%]
tests/integration/agent/test_agent_versions.py .                         [  6%]
tests/integration/architecture/test_host_request_context.py .            [  6%]
tests/integration/chat/test_agent_tool_call_hardening.py ...             [  7%]
tests/integration/chat/test_chat_bound_agent_hooks.py ..                 [  8%]
tests/integration/chat/test_chat_mcp_fake_tools.py .                     [  8%]
tests/integration/chat/test_chat_provider_backed_paths.py ....           [  9%]
tests/integration/chat/test_chat_rag_references.py ..                    [ 10%]
tests/integration/chat/test_chat_session_crud.py ..                      [ 10%]
tests/integration/chat/test_chat_streaming.py .                          [ 11%]
tests/integration/chat/test_chat_sync_message.py .                       [ 11%]
tests/integration/chat/test_chat_tool_boundary.py .                      [ 11%]
tests/integration/chat/test_chat_two_round_tool_flow.py .                [ 12%]
tests/integration/chat/test_chat_workflow_execution.py .                 [ 12%]
tests/integration/chat/test_chat_workflow_failure.py .                   [ 12%]
tests/integration/chat/test_openai_tools_request.py .                    [ 12%]
tests/integration/chat/test_tool_call_response_fixture.py .              [ 13%]
tests/integration/evaluation/test_case_rerun.py .                        [ 13%]
tests/integration/evaluation/test_csv_import_export.py .                 [ 13%]
tests/integration/evaluation/test_eval_set_crud.py ..                    [ 14%]
tests/integration/evaluation/test_eval_set_fields.py .                   [ 14%]
tests/integration/evaluation/test_eval_set_related_experiments.py .      [ 15%]
tests/integration/evaluation/test_eval_set_versions.py .                 [ 15%]
tests/integration/evaluation/test_evaluator_crud.py ..                   [ 16%]
tests/integration/evaluation/test_evaluator_versions_presets.py ...      [ 16%]
tests/integration/evaluation/test_experiment_mapping_run_settings.py .   [ 17%]
tests/integration/evaluation/test_experiment_run.py ....                 [ 18%]
tests/integration/evaluation/test_live_provider_opt_in.py ss             [ 19%]
tests/integration/evaluation/test_llm_judge_evaluator.py ...             [ 19%]
tests/integration/evaluation/test_run_compare.py .                       [ 20%]
tests/integration/evaluation/test_run_report.py .                        [ 20%]
tests/integration/knowledge/test_document_parser_upload.py .             [ 20%]
tests/integration/knowledge/test_document_processing.py .                [ 21%]
tests/integration/knowledge/test_document_processing_hardening.py ..     [ 21%]
tests/integration/knowledge/test_document_upload.py .                    [ 22%]
tests/integration/knowledge/test_embedding_pipeline.py .                 [ 22%]
tests/integration/knowledge/test_knowledge_base_crud.py .                [ 22%]
tests/integration/knowledge/test_mock_search_facade.py .                 [ 22%]
tests/integration/knowledge/test_structured_faq.py ..                    [ 23%]
tests/integration/knowledge/test_vector_schema_migration.py .            [ 23%]
tests/integration/knowledge/test_vector_similarity_search.py ...         [ 24%]
tests/integration/mcp/test_mcp_bound_tool_execution.py ..                [ 25%]
tests/integration/mcp/test_mcp_connection_and_tools.py ..                [ 25%]
tests/integration/mcp/test_mcp_debug_tool.py .                           [ 26%]
tests/integration/mcp/test_mcp_server_crud.py .                          [ 26%]
tests/integration/mcp/test_mcp_server_list.py .                          [ 26%]
tests/integration/provider/test_provider_connection.py .                 [ 27%]
tests/integration/provider/test_provider_crud.py .                       [ 27%]
tests/integration/provider/test_provider_models.py .                     [ 27%]
tests/integration/runtime_lab/test_runtime_lab_kernel.py ..              [ 28%]
tests/integration/runtime_lab/test_runtime_lab_reliability.py .          [ 28%]
tests/integration/runtime_lab/test_runtime_lab_repository.py ..          [ 29%]
tests/integration/runtime_lab/test_runtime_lab_service.py ...            [ 30%]
tests/integration/test_alembic_baseline.py .                             [ 30%]
tests/integration/test_health.py .                                       [ 30%]
tests/integration/test_runtime_services.py ..                            [ 31%]
tests/integration/workflow/test_agent_call_node.py .......               [ 33%]
tests/integration/workflow/test_api_resource_tool_builder.py ..          [ 34%]
tests/integration/workflow/test_chatflow_channels.py ..                  [ 34%]
tests/integration/workflow/test_chatflow_conversation_run.py ...         [ 35%]
tests/integration/workflow/test_chatflow_execute_workflow_node.py .....  [ 37%]
tests/integration/workflow/test_chatflow_message_question_input.py ....  [ 38%]
tests/integration/workflow/test_chatflow_publish_status.py .             [ 38%]
tests/integration/workflow/test_chatflow_resource_separation.py .        [ 38%]
tests/integration/workflow/test_chatflow_resume_api.py ...               [ 39%]
tests/integration/workflow/test_chatflow_resume_reliability.py ...       [ 40%]
tests/integration/workflow/test_chatflow_run_debug_detail.py .           [ 41%]
tests/integration/workflow/test_chatflow_scoped_variables_history.py ... [ 41%]
                                                                         [ 41%]
tests/integration/workflow/test_chatflow_session_state.py ..             [ 42%]
tests/integration/workflow/test_chatflow_variable_roundtrip.py ..        [ 43%]
tests/integration/workflow/test_composer_debug_url_contract.py ..        [ 43%]
tests/integration/workflow/test_execute_workflow_node.py ....            [ 45%]
tests/integration/workflow/test_information_collection_node.py ....      [ 46%]
tests/integration/workflow/test_intent_recognition_node.py ...           [ 47%]
tests/integration/workflow/test_knowledge_faq_runtime.py ..              [ 47%]
tests/integration/workflow/test_llm_callable_skills.py ..                [ 48%]
tests/integration/workflow/test_llm_model_parameters.py .                [ 48%]
tests/integration/workflow/test_observe_surfaces.py .                    [ 48%]
tests/integration/workflow/test_ops_security_polish.py ..                [ 49%]
tests/integration/workflow/test_resource_policy.py ......                [ 51%]
tests/integration/workflow/test_resource_registry.py .                   [ 51%]
tests/integration/workflow/test_six_node_matrix.py .                     [ 51%]
tests/integration/workflow/test_tool_call_node.py ....                   [ 53%]
tests/integration/workflow/test_transfer_to_human_node.py ..             [ 53%]
tests/integration/workflow/test_transform_nodes.py ...                   [ 54%]
tests/integration/workflow/test_variable_aggregation_assignment.py ...   [ 55%]
tests/integration/workflow/test_workflow_condition_run.py ..             [ 56%]
tests/integration/workflow/test_workflow_failure_behavior.py ...         [ 57%]
tests/integration/workflow/test_workflow_graph_crud.py ....              [ 58%]
tests/integration/workflow/test_workflow_linear_run.py .                 [ 58%]
tests/integration/workflow/test_workflow_llm_resources.py ..             [ 59%]
tests/integration/workflow/test_workflow_node_run.py ...                 [ 60%]
tests/integration/workflow/test_workflow_publish_status.py .             [ 60%]
tests/integration/workflow/test_workflow_publish_versions.py ...         [ 61%]
tests/integration/workflow/test_workflow_run_debug_detail.py .           [ 61%]
tests/unit/agent/test_agent_model_validation.py .                        [ 61%]
tests/unit/agent/test_agent_schemas.py ...                               [ 62%]
tests/unit/agent/test_agent_tool_binding.py .                            [ 63%]
tests/unit/architecture/test_023_inventory.py ..                         [ 63%]
tests/unit/architecture/test_host_context.py ..                          [ 64%]
tests/unit/chat/test_agent_retrieval_settings.py .                       [ 64%]
tests/unit/chat/test_chat_mode_router.py .                               [ 64%]
tests/unit/chat/test_chat_orchestrator.py .                              [ 65%]
tests/unit/chat/test_chat_schemas.py .                                   [ 65%]
tests/unit/chat/test_context_store.py ..                                 [ 66%]
tests/unit/chat/test_llm_request_client.py .                             [ 66%]
tests/unit/chat/test_prompt_builder.py .                                 [ 66%]
tests/unit/chat/test_real_tool_call_runner.py .                          [ 67%]
tests/unit/chat/test_sse_event_encoder.py .                              [ 67%]
tests/unit/chat/test_tool_call_runner.py ..                              [ 67%]
tests/unit/chat/test_tool_execution_hardening.py ..                      [ 68%]
tests/unit/chat/test_tool_policy.py ..                                   [ 69%]
tests/unit/chat/test_tool_schema_serializer.py .                         [ 69%]
tests/unit/core/test_config.py .                                         [ 69%]
tests/unit/core/test_database_metadata.py ...                            [ 70%]
tests/unit/core/test_errors.py .                                         [ 70%]
tests/unit/evaluation/test_deterministic_scoring.py ..                   [ 71%]
tests/unit/evaluation/test_eval_set_fields.py ...                        [ 72%]
tests/unit/evaluation/test_eval_set_versions.py ..                       [ 73%]
tests/unit/evaluation/test_experiment_mapping.py ..                      [ 73%]
tests/unit/evaluation/test_llm_debug_adapter.py ...                      [ 74%]
tests/unit/handoff/test_handoff_service.py .                             [ 74%]
tests/unit/knowledge/test_chunk_splitter.py ...                          [ 75%]
tests/unit/knowledge/test_document_file_validation.py ...                [ 76%]
tests/unit/knowledge/test_document_parser.py ....                        [ 77%]
tests/unit/knowledge/test_embedding_pipeline.py ..                       [ 78%]
tests/unit/knowledge/test_faq_retrieval.py .                             [ 78%]
tests/unit/knowledge/test_knowledge_schemas.py .                         [ 79%]
tests/unit/knowledge/test_mock_search.py ...                             [ 80%]
tests/unit/knowledge/test_vector_schema.py ..                            [ 80%]
tests/unit/knowledge/test_vector_similarity.py ..                        [ 81%]
tests/unit/mcp/test_mcp_debug_client.py ..                               [ 81%]
tests/unit/mcp/test_mcp_fake_client.py ..                                [ 82%]
tests/unit/mcp/test_mcp_schemas.py ..                                    [ 83%]
tests/unit/mcp/test_mcp_tool_schema_builder.py .                         [ 83%]
tests/unit/provider/test_connection_tester.py ..                         [ 83%]
tests/unit/provider/test_health_checker.py .                             [ 84%]
tests/unit/provider/test_llm_adapters.py ...                             [ 85%]
tests/unit/provider/test_model_config_lookup.py .                        [ 85%]
tests/unit/provider/test_provider_schemas.py .                           [ 85%]
tests/unit/provider/test_tool_call_parser.py .                           [ 86%]
tests/unit/runtime_lab/test_mock_sop_adapter.py .                        [ 86%]
tests/unit/runtime_lab/test_router.py ....                               [ 87%]
tests/unit/test_project_skeleton.py ..                                   [ 88%]
tests/unit/workflow/test_chatflow_channel_adapters.py ...                [ 89%]
tests/unit/workflow/test_chatflow_resource_context.py ..                 [ 89%]
tests/unit/workflow/test_chatflow_state_helpers.py .......               [ 91%]
tests/unit/workflow/test_condition_branching.py ..                       [ 92%]
tests/unit/workflow/test_execution_context.py .....                      [ 93%]
tests/unit/workflow/test_linear_executors.py ....                        [ 95%]
tests/unit/workflow/test_llm_node_completer.py ..                        [ 95%]
tests/unit/workflow/test_runtime_parity.py ..                            [ 96%]
tests/unit/workflow/test_service_knowledge_condition.py ..               [ 96%]
tests/unit/workflow/test_service_provider_llm.py ......                  [ 98%]
tests/unit/workflow/test_six_node_matrix.py ..                           [ 99%]
tests/unit/workflow/test_workflow_schemas.py ..                          [100%]

=============================== warnings summary ===============================
.venv/lib/python3.12/site-packages/fastapi/testclient.py:1
  /Users/vincento/work/develop/hify/.venv/lib/python3.12/site-packages/fastapi/testclient.py:1: StarletteDeprecationWarning: Using `httpx` with `starlette.testclient` is deprecated; install `httpx2` instead.
    from starlette.testclient import TestClient as TestClient  # noqa

-- Docs: https://docs.pytest.org/en/stable/how-to/capture-warnings.html
============= 327 passed, 4 skipped, 1 warning in 89.58s (0:01:29) =============
